#
# A fatal error has been detected by the Java Runtime Environment:
#
#  EXCEPTION_ACCESS_VIOLATION (0xc0000005) at pc=0x0000000078c6ec1d, pid=9552, tid=10536
#
# JRE version: 6.0_17-b04
# Java VM: Java HotSpot(TM) 64-Bit Server VM (14.3-b01 mixed mode windows-amd64 )
# Problematic frame:
# V  [jvm.dll+0x3fec1d]
#
# If you would like to submit a bug report, please visit:
#   http://java.sun.com/webapps/bugreport/crash.jsp
#

---------------  T H R E A D  ---------------

Current thread (0x0000000008c2b800):  JavaThread "AWT-EventQueue-0" [_thread_in_vm, id=10536, stack(0x000000000fde0000,0x000000000fe60000)]

siginfo: ExceptionCode=0xc0000005, reading address 0x0000000000000000

Registers:
EAX=0x0000000000000000, EBX=0x000000000fe5bab0, ECX=0x000000000fe5bab0, EDX=0x0000000000000000
ESP=0x000000000fe5ba60, EBP=0x0000000008c2b800, ESI=0x0000000008c3f7c0, EDI=0x0000000000000000
EIP=0x0000000078c6ec1d, EFLAGS=0x0000000000010246

Top of Stack: (sp=0x000000000fe5ba60)
0x000000000fe5ba60:   000000000fe5ba60 000000002ed5b510
0x000000000fe5ba70:   000000000fe5bac0 000000002ed5d3b0
0x000000000fe5ba80:   0000000000000000 00000000789ddce3
0x000000000fe5ba90:   0000000000000000 000000000fe5bac0
0x000000000fe5baa0:   000000000fe5bc48 0000000000000000
0x000000000fe5bab0:   0000000078d6afa0 0000000000000000
0x000000000fe5bac0:   0000000000000000 0000000000000063
0x000000000fe5bad0:   000000000fe50000 0000000000000000
0x000000000fe5bae0:   0000000000000000 0000000078a628a4
0x000000000fe5baf0:   000000002ed50016 0000000000001600
0x000000000fe5bb00:   000000000fe5bb30 000000000fe5bba0
0x000000000fe5bb10:   000000000c4b5ac2 0000000000000001
0x000000000fe5bb20:   0000000000000000 0000000000000001
0x000000000fe5bb30:   0000000000000001 0000000000000000
0x000000000fe5bb40:   0000000000000000 00000000ffffffff
0x000000000fe5bb50:   000000007fffffff 000000003f7ed100 

Instructions: (pc=0x0000000078c6ec1d)
0x0000000078c6ec0d:   48 89 7c 24 48 33 ff 48 8b d9 89 79 10 89 79 14
0x0000000078c6ec1d:   48 8b 10 80 7a 12 28 74 1f 44 8d 4f 28 4c 8d 05 


Stack: [0x000000000fde0000,0x000000000fe60000],  sp=0x000000000fe5ba60,  free space=494k
Native frames: (J=compiled Java code, j=interpreted, Vv=VM code, C=native code)
V  [jvm.dll+0x3fec1d]

Java frames: (J=compiled Java code, j=interpreted, Vv=VM code)
j  com.mathworks.mlwidgets.array.ValueDataSection.getValueAt(IIZ)Ljava/lang/Object;+2
j  com.mathworks.mlwidgets.array.ValueTableModel.getValueAt(IIZLcom/mathworks/widgets/spreadsheet/format/Formatter;)Ljava/lang/Object;+104
J  com.mathworks.widgets.spreadsheet.ResizingTableModelWrapper.getValueAt(II)Ljava/lang/Object;
J  javax.swing.JTable.getValueAt(II)Ljava/lang/Object;
J  javax.swing.JTable.prepareRenderer(Ljavax/swing/table/TableCellRenderer;II)Ljava/awt/Component;
J  javax.swing.plaf.basic.BasicTableUI.paintCell(Ljava/awt/Graphics;Ljava/awt/Rectangle;II)V
J  javax.swing.plaf.basic.BasicTableUI.paintCells(Ljava/awt/Graphics;IIII)V
j  javax.swing.plaf.basic.BasicTableUI.paint(Ljava/awt/Graphics;Ljavax/swing/JComponent;)V+272
J  javax.swing.plaf.ComponentUI.update(Ljava/awt/Graphics;Ljavax/swing/JComponent;)V
J  javax.swing.JComponent.paintComponent(Ljava/awt/Graphics;)V
J  javax.swing.JComponent.paint(Ljava/awt/Graphics;)V
J  javax.swing.JComponent.paintChildren(Ljava/awt/Graphics;)V
J  javax.swing.JComponent.paint(Ljava/awt/Graphics;)V
j  javax.swing.JViewport.paint(Ljava/awt/Graphics;)V+205
J  javax.swing.JComponent.paintChildren(Ljava/awt/Graphics;)V
J  javax.swing.JComponent.paint(Ljava/awt/Graphics;)V
J  javax.swing.JComponent.paintChildren(Ljava/awt/Graphics;)V
J  javax.swing.JComponent.paint(Ljava/awt/Graphics;)V
J  javax.swing.JComponent.paintChildren(Ljava/awt/Graphics;)V
J  javax.swing.JComponent.paint(Ljava/awt/Graphics;)V
J  javax.swing.JComponent.paintChildren(Ljava/awt/Graphics;)V
J  javax.swing.JComponent.paint(Ljava/awt/Graphics;)V
J  javax.swing.JComponent.paintChildren(Ljava/awt/Graphics;)V
J  javax.swing.JComponent.paint(Ljava/awt/Graphics;)V
J  javax.swing.JComponent.paintChildren(Ljava/awt/Graphics;)V
J  javax.swing.JComponent.paint(Ljava/awt/Graphics;)V
J  javax.swing.JComponent.paintChildren(Ljava/awt/Graphics;)V
J  javax.swing.JComponent.paint(Ljava/awt/Graphics;)V
J  javax.swing.JComponent.paintChildren(Ljava/awt/Graphics;)V
J  javax.swing.JComponent.paint(Ljava/awt/Graphics;)V
J  javax.swing.JComponent.paintChildren(Ljava/awt/Graphics;)V
J  javax.swing.JComponent.paint(Ljava/awt/Graphics;)V
J  javax.swing.JComponent.paintChildren(Ljava/awt/Graphics;)V
J  javax.swing.JComponent.paint(Ljava/awt/Graphics;)V
J  javax.swing.JComponent.paintChildren(Ljava/awt/Graphics;)V
J  javax.swing.JComponent.paint(Ljava/awt/Graphics;)V
J  javax.swing.JComponent.paintChildren(Ljava/awt/Graphics;)V
J  javax.swing.JComponent.paint(Ljava/awt/Graphics;)V
J  javax.swing.JComponent.paintChildren(Ljava/awt/Graphics;)V
j  javax.swing.JSplitPane.paintChildren(Ljava/awt/Graphics;)V+2
J  javax.swing.JComponent.paint(Ljava/awt/Graphics;)V
J  javax.swing.JComponent.paintChildren(Ljava/awt/Graphics;)V
j  javax.swing.JSplitPane.paintChildren(Ljava/awt/Graphics;)V+2
J  javax.swing.JComponent.paint(Ljava/awt/Graphics;)V
J  javax.swing.JComponent.paintChildren(Ljava/awt/Graphics;)V
j  javax.swing.JSplitPane.paintChildren(Ljava/awt/Graphics;)V+2
J  javax.swing.JComponent.paint(Ljava/awt/Graphics;)V
J  javax.swing.JComponent.paintChildren(Ljava/awt/Graphics;)V
J  javax.swing.JComponent.paint(Ljava/awt/Graphics;)V
J  javax.swing.JComponent.paintChildren(Ljava/awt/Graphics;)V
J  javax.swing.JComponent.paint(Ljava/awt/Graphics;)V
J  javax.swing.JComponent.paintChildren(Ljava/awt/Graphics;)V
J  javax.swing.JComponent.paint(Ljava/awt/Graphics;)V
J  javax.swing.JComponent.paintChildren(Ljava/awt/Graphics;)V
J  javax.swing.JComponent.paint(Ljava/awt/Graphics;)V
J  javax.swing.JComponent.paintChildren(Ljava/awt/Graphics;)V
J  javax.swing.JComponent.paint(Ljava/awt/Graphics;)V
j  javax.swing.JLayeredPane.paint(Ljava/awt/Graphics;)V+73
J  javax.swing.JComponent.paintChildren(Ljava/awt/Graphics;)V
J  javax.swing.RepaintManager$PaintManager.paintDoubleBuffered(Ljavax/swing/JComponent;Ljava/awt/Image;Ljava/awt/Graphics;IIII)V
J  javax.swing.RepaintManager$PaintManager.paint(Ljavax/swing/JComponent;Ljavax/swing/JComponent;Ljava/awt/Graphics;IIII)Z
j  javax.swing.RepaintManager.paint(Ljavax/swing/JComponent;Ljavax/swing/JComponent;Ljava/awt/Graphics;IIII)V+52
J  javax.swing.JComponent.paint(Ljava/awt/Graphics;)V
j  java.awt.GraphicsCallback$PaintCallback.run(Ljava/awt/Component;Ljava/awt/Graphics;)V+2
j  sun.awt.SunGraphicsCallback.runOneComponent(Ljava/awt/Component;Ljava/awt/Rectangle;Ljava/awt/Graphics;Ljava/awt/Shape;I)V+155
j  sun.awt.SunGraphicsCallback.runComponents([Ljava/awt/Component;Ljava/awt/Graphics;I)V+104
j  java.awt.Container.paint(Ljava/awt/Graphics;)V+73
J  javax.swing.RepaintManager.paintDirtyRegions(Ljava/util/Map;)V
j  javax.swing.RepaintManager.paintDirtyRegions()V+46
j  javax.swing.RepaintManager.seqPaintDirtyRegions()V+73
j  javax.swing.SystemEventQueueUtilities$ComponentWorkRequest.run()V+36
J  java.awt.EventDispatchThread.pumpOneEventForFilters(I)Z
J  java.awt.EventDispatchThread.pumpEventsForFilter(ILjava/awt/Conditional;Ljava/awt/EventFilter;)V
j  java.awt.EventDispatchThread.pumpEventsForHierarchy(ILjava/awt/Conditional;Ljava/awt/Component;)V+11
j  java.awt.EventDispatchThread.pumpEvents(ILjava/awt/Conditional;)V+4
j  java.awt.EventDispatchThread.pumpEvents(Ljava/awt/Conditional;)V+3
j  java.awt.EventDispatchThread.run()V+9
v  ~StubRoutines::call_stub

---------------  P R O C E S S  ---------------

Java Threads: ( => current thread )
  0x000000000a695000 JavaThread "Image Fetcher 1" daemon [_thread_blocked, id=10016, stack(0x000000002be90000,0x000000002bf10000)]
  0x000000000a692800 JavaThread "Image Fetcher 2" daemon [_thread_blocked, id=9296, stack(0x000000001d230000,0x000000001d2b0000)]
  0x000000000a68c000 JavaThread "Image Fetcher 3" daemon [_thread_blocked, id=2940, stack(0x000000002aa70000,0x000000002aaf0000)]
  0x000000000a696000 JavaThread "Code Analyzer updating thread" [_thread_blocked, id=7976, stack(0x0000000025330000,0x00000000253b0000)]
  0x000000000a691800 JavaThread "Code Analyzer updating thread" [_thread_blocked, id=4876, stack(0x000000002c240000,0x000000002c2c0000)]
  0x000000000a68c800 JavaThread "Code Analyzer updating thread" [_thread_blocked, id=980, stack(0x000000002ab40000,0x000000002abc0000)]
  0x000000000a691000 JavaThread "Code Analyzer updating thread" [_thread_blocked, id=10152, stack(0x000000002acd0000,0x000000002ad50000)]
  0x000000000a690000 JavaThread "Foxtrot Single Worker Thread #1" daemon [_thread_blocked, id=10248, stack(0x000000000ff70000,0x000000000fff0000)]
  0x000000000a68f800 JavaThread "Explorer NavigationContext request queue" [_thread_blocked, id=8480, stack(0x000000000f830000,0x000000000f8b0000)]
  0x000000000a696800 JavaThread "Prefs Updater" daemon [_thread_blocked, id=6640, stack(0x00000000294d0000,0x0000000029550000)]
  0x000000000a694000 JavaThread "pool-8-thread-1" [_thread_blocked, id=4704, stack(0x00000000299e0000,0x0000000029a60000)]
  0x000000000a68e800 JavaThread "Active Reference Queue Daemon" daemon [_thread_blocked, id=4684, stack(0x0000000019080000,0x0000000019100000)]
  0x000000000a68d800 JavaThread "Timer-10" daemon [_thread_blocked, id=10204, stack(0x0000000051e90000,0x0000000051f10000)]
  0x000000000a68e000 JavaThread "Timer-9" daemon [_thread_blocked, id=5968, stack(0x0000000051dd0000,0x0000000051e50000)]
  0x000000000a68a800 JavaThread "AddressBar directory emptiness poller" [_thread_blocked, id=4964, stack(0x0000000014f50000,0x0000000014fd0000)]
  0x000000000a689000 JavaThread "Timer-1" [_thread_blocked, id=5432, stack(0x0000000045a60000,0x0000000045ae0000)]
  0x000000000a688000 JavaThread "TimerQueue" daemon [_thread_blocked, id=5136, stack(0x0000000014fe0000,0x0000000015060000)]
=>0x0000000008c2b800 JavaThread "AWT-EventQueue-0" [_thread_in_vm, id=10536, stack(0x000000000fde0000,0x000000000fe60000)]
  0x000000000a578800 JavaThread "AWT-Shutdown" [_thread_blocked, id=10080, stack(0x000000000fb80000,0x000000000fc00000)]
  0x00000000092fa000 JavaThread "FelixPackageAdmin" daemon [_thread_blocked, id=10980, stack(0x000000000fce0000,0x000000000fd60000)]
  0x00000000092f9000 JavaThread "FelixStartLevel" daemon [_thread_blocked, id=7852, stack(0x000000000fc40000,0x000000000fcc0000)]
  0x000000000a412000 JavaThread "FelixDispatchQueue" daemon [_thread_blocked, id=9196, stack(0x000000000fab0000,0x000000000fb30000)]
  0x000000000a1ed800 JavaThread "com.google.common.base.internal.Finalizer" daemon [_thread_blocked, id=8740, stack(0x000000000f7b0000,0x000000000f830000)]
  0x000000000a587800 JavaThread "AWT-Windows" daemon [_thread_in_native, id=8764, stack(0x000000000adc0000,0x000000000ae40000)]
  0x000000000a586800 JavaThread "Java2D Disposer" daemon [_thread_blocked, id=8984, stack(0x000000000b1d0000,0x000000000b250000)]
  0x0000000009feb000 JavaThread "Timer-0" [_thread_blocked, id=7216, stack(0x0000000008f40000,0x0000000008fc0000)]
  0x0000000009f4e000 JavaThread "EventMgr Dispatcher" daemon [_thread_in_native, id=6708, stack(0x0000000015080000,0x0000000019080000)]
  0x0000000008ba0000 JavaThread "Low Memory Detector" daemon [_thread_blocked, id=4700, stack(0x0000000009110000,0x0000000009190000)]
  0x0000000008b9c800 JavaThread "CompilerThread1" daemon [_thread_blocked, id=11168, stack(0x0000000061bd0000,0x0000000065bd0000)]
  0x0000000008b8e800 JavaThread "CompilerThread0" daemon [_thread_blocked, id=8032, stack(0x0000000056110000,0x000000005a110000)]
  0x0000000008b8c000 JavaThread "Attach Listener" daemon [_thread_blocked, id=10836, stack(0x0000000009030000,0x00000000090b0000)]
  0x0000000008b3b800 JavaThread "Finalizer" daemon [_thread_blocked, id=8532, stack(0x0000000008eb0000,0x0000000008f30000)]
  0x00000000055ca800 JavaThread "Reference Handler" daemon [_thread_blocked, id=1248, stack(0x0000000008db0000,0x0000000008e30000)]
  0x0000000005513800 JavaThread "main" [_thread_in_native, id=7220, stack(0x0000000000050000,0x0000000004050000)]

Other Threads:
  0x0000000008b32800 VMThread [stack: 0x0000000051f30000,0x0000000055f30000] [id=2872]
  0x0000000008bc4000 WatcherThread [stack: 0x0000000065c50000,0x0000000069c50000] [id=2688]

VM state:not at safepoint (normal execution)

VM Mutex/Monitor currently owned by a thread: None

Heap
 PSYoungGen      total 14848K, used 4650K [0x000000003e830000, 0x000000003fa30000, 0x0000000041930000)
  eden space 12544K, 18% used [0x000000003e830000,0x000000003ea80b40,0x000000003f470000)
  from space 2304K, 98% used [0x000000003f730000,0x000000003f969ed0,0x000000003f970000)
  to   space 2816K, 0% used [0x000000003f470000,0x000000003f470000,0x000000003f730000)
 PSOldGen        total 65152K, used 48697K [0x0000000035530000, 0x00000000394d0000, 0x000000003e830000)
  object space 65152K, 74% used [0x0000000035530000,0x00000000384be5b8,0x00000000394d0000)
 PSPermGen       total 121728K, used 64115K [0x000000002d530000, 0x0000000034c10000, 0x0000000035530000)
  object space 121728K, 52% used [0x000000002d530000,0x00000000313ccd40,0x0000000034c10000)

Dynamic libraries:
0x000000013fc70000 - 0x000000013fca2000 	C:\Program Files\MATLAB\R2012a\bin\win64\MATLAB.exe
0x0000000076e40000 - 0x0000000076fe9000 	C:\windows\SYSTEM32\ntdll.dll
0x0000000076d20000 - 0x0000000076e3f000 	C:\windows\system32\kernel32.dll
0x000007fefcf30000 - 0x000007fefcf9b000 	C:\windows\system32\KERNELBASE.dll
0x0000000074460000 - 0x0000000074554000 	C:\Program Files\MATLAB\R2012a\bin\win64\libut.dll
0x00000000758a0000 - 0x0000000075952000 	C:\Program Files\MATLAB\R2012a\bin\win64\libmwi18n.dll
0x0000000180000000 - 0x000000018000b000 	C:\Program Files\MATLAB\R2012a\bin\win64\libmwresource_core.dll
0x000000006c970000 - 0x000000006ca43000 	C:\windows\WinSxS\amd64_microsoft.vc90.crt_1fc8b3b9a1e18e3b_9.0.30729.6161_none_08e61857a83bc251\MSVCP90.dll
0x000000006c8c0000 - 0x000000006c963000 	C:\windows\WinSxS\amd64_microsoft.vc90.crt_1fc8b3b9a1e18e3b_9.0.30729.6161_none_08e61857a83bc251\MSVCR90.dll
0x000000007a170000 - 0x000000007a19c000 	C:\Program Files\MATLAB\R2012a\bin\win64\boost_filesystem-vc90-mt-1_44.dll
0x000000007a560000 - 0x000000007a569000 	C:\Program Files\MATLAB\R2012a\bin\win64\boost_system-vc90-mt-1_44.dll
0x000007fefd0f0000 - 0x000007fefd1cb000 	C:\windows\system32\ADVAPI32.dll
0x000007fefeaa0000 - 0x000007fefeb3f000 	C:\windows\system32\msvcrt.dll
0x000007fefd910000 - 0x000007fefd92f000 	C:\windows\SYSTEM32\sechost.dll
0x000007fefed40000 - 0x000007fefee6d000 	C:\windows\system32\RPCRT4.dll
0x000000007a010000 - 0x000000007a035000 	C:\Program Files\MATLAB\R2012a\bin\win64\LIBEXPAT.dll
0x000000005f050000 - 0x000000005f241000 	C:\Program Files\MATLAB\R2012a\bin\win64\icuin44.dll
0x0000000061900000 - 0x0000000061a71000 	C:\Program Files\MATLAB\R2012a\bin\win64\icuuc44.dll
0x0000000010000000 - 0x0000000010e41000 	C:\Program Files\MATLAB\R2012a\bin\win64\icudt44.dll
0x0000000073f70000 - 0x00000000740ad000 	C:\Program Files\MATLAB\R2012a\bin\win64\libmwfl.dll
0x0000000004320000 - 0x0000000004616000 	C:\Program Files\MATLAB\R2012a\bin\win64\libmwMATLAB_res.dll
0x000000007a3b0000 - 0x000000007a3c0000 	C:\Program Files\MATLAB\R2012a\bin\win64\boost_date_time-vc90-mt-1_44.dll
0x000000007a250000 - 0x000000007a263000 	C:\Program Files\MATLAB\R2012a\bin\win64\boost_signals-vc90-mt-1_44.dll
0x000000007a2d0000 - 0x000000007a2e2000 	C:\Program Files\MATLAB\R2012a\bin\win64\boost_thread-vc90-mt-1_44.dll
0x0000000004190000 - 0x00000000041d6000 	C:\Program Files\MATLAB\R2012a\bin\win64\tbb.dll
0x000007fefd3b0000 - 0x000007fefd3c9000 	C:\windows\system32\imagehlp.dll
0x0000000077000000 - 0x0000000077007000 	C:\windows\system32\PSAPI.DLL
0x00000000749f0000 - 0x0000000074a03000 	C:\Program Files\MATLAB\R2012a\bin\win64\icuio44.dll
0x000007fef86f0000 - 0x000007fef8815000 	C:\windows\system32\dbghelp.dll
0x0000000076c20000 - 0x0000000076d1a000 	C:\windows\system32\USER32.dll
0x000007fefecd0000 - 0x000007fefed37000 	C:\windows\system32\GDI32.dll
0x000007fefe970000 - 0x000007fefe97e000 	C:\windows\system32\LPK.dll
0x000007fefd020000 - 0x000007fefd0e9000 	C:\windows\system32\USP10.dll
0x000000007bed0000 - 0x000000007c183000 	C:\Program Files\MATLAB\R2012a\bin\win64\libmwservices.dll
0x0000000075a20000 - 0x0000000075ae2000 	C:\Program Files\MATLAB\R2012a\bin\win64\libmx.dll
0x000000007a210000 - 0x000000007a228000 	C:\Program Files\MATLAB\R2012a\bin\win64\zlib1.dll
0x0000000004630000 - 0x0000000004651000 	C:\Program Files\MATLAB\R2012a\bin\win64\libmwmfl_scalar.dll
0x0000000075f10000 - 0x0000000075f5d000 	C:\Program Files\MATLAB\R2012a\bin\win64\mpath.dll
0x000000007b680000 - 0x000000007bbe1000 	C:\Program Files\MATLAB\R2012a\bin\win64\mlutil.dll
0x0000000074970000 - 0x00000000749ef000 	C:\Program Files\MATLAB\R2012a\bin\win64\xmlcore.dll
0x000000007bc30000 - 0x000000007be83000 	C:\Program Files\MATLAB\R2012a\bin\win64\xerces-c_2_7.dll
0x000007fefd930000 - 0x000007fefd97d000 	C:\windows\system32\WS2_32.dll
0x000007fefea90000 - 0x000007fefea98000 	C:\windows\system32\NSI.dll
0x00000000046b0000 - 0x00000000046ca000 	C:\Program Files\MATLAB\R2012a\bin\win64\libmwMATLAB_settings_res.dll
0x00000000046e0000 - 0x0000000004727000 	C:\Program Files\MATLAB\R2012a\bin\win64\boost_serialization-vc90-mt-1_44.dll
0x000007fefd980000 - 0x000007fefe708000 	C:\windows\system32\SHELL32.dll
0x000007fefe710000 - 0x000007fefe781000 	C:\windows\system32\SHLWAPI.dll
0x000007fef8b20000 - 0x000007fef8bc0000 	C:\windows\WinSxS\amd64_microsoft.windows.common-controls_6595b64144ccf1df_5.82.7601.18201_none_a4d3b9377117c3df\COMCTL32.dll
0x000007fefd310000 - 0x000007fefd3a7000 	C:\windows\system32\COMDLG32.dll
0x000007fefa4d0000 - 0x000007fefa4e6000 	C:\windows\system32\NETAPI32.dll
0x000007fefa4c0000 - 0x000007fefa4cc000 	C:\windows\system32\netutils.dll
0x000007fefc6d0000 - 0x000007fefc6f3000 	C:\windows\system32\srvcli.dll
0x000007fefa4a0000 - 0x000007fefa4b5000 	C:\windows\system32\wkscli.dll
0x000007fefd3d0000 - 0x000007fefd5d3000 	C:\windows\system32\ole32.dll
0x000007fefd230000 - 0x000007fefd307000 	C:\windows\system32\OLEAUT32.dll
0x0000000004740000 - 0x00000000048d6000 	C:\Program Files\MATLAB\R2012a\bin\win64\mcr.dll
0x0000000075000000 - 0x000000007536b000 	C:\Program Files\MATLAB\R2012a\bin\win64\iqm.dll
0x000000005e4e0000 - 0x000000005ed01000 	C:\Program Files\MATLAB\R2012a\bin\win64\m_interpreter.dll
0x0000000074940000 - 0x0000000074965000 	C:\Program Files\MATLAB\R2012a\bin\win64\libmex.dll
0x0000000074880000 - 0x0000000074933000 	C:\Program Files\MATLAB\R2012a\bin\win64\m_dispatcher.dll
0x0000000004930000 - 0x0000000004a1d000 	C:\Program Files\MATLAB\R2012a\bin\win64\boost_regex-vc90-mt-1_44.dll
0x0000000072570000 - 0x00000000725f4000 	C:\Program Files\MATLAB\R2012a\bin\win64\profiler.dll
0x0000000004a40000 - 0x0000000004c95000 	C:\Program Files\MATLAB\R2012a\bin\win64\libmwmathutil.dll
0x0000000079f40000 - 0x0000000079f6d000 	C:\Program Files\MATLAB\R2012a\bin\win64\libmwmathrng.dll
0x0000000074c10000 - 0x0000000074ced000 	C:\Program Files\MATLAB\R2012a\bin\win64\libmwmathcore.dll
0x0000000076160000 - 0x00000000761cb000 	C:\Program Files\MATLAB\R2012a\bin\win64\libmwspmatrix.dll
0x0000000075ea0000 - 0x0000000075f02000 	C:\Program Files\MATLAB\R2012a\bin\win64\libmwcholmod.dll
0x000000007a460000 - 0x000000007a46d000 	C:\Program Files\MATLAB\R2012a\bin\win64\libmwamd.dll
0x000000007a4b0000 - 0x000000007a4bc000 	C:\Program Files\MATLAB\R2012a\bin\win64\libmwcolamd.dll
0x00000000726a0000 - 0x00000000726b9000 	C:\Program Files\MATLAB\R2012a\bin\win64\libmwblas.dll
0x0000000072670000 - 0x0000000072682000 	C:\Program Files\MATLAB\R2012a\bin\win64\libmwbinder.dll
0x0000000072a20000 - 0x0000000072a2b000 	C:\Program Files\MATLAB\R2012a\bin\win64\libmwompwrapper.dll
0x0000000061330000 - 0x00000000613b6000 	C:\Program Files\MATLAB\R2012a\bin\win64\libmwlapack.dll
0x0000000072260000 - 0x0000000072281000 	C:\Program Files\MATLAB\R2012a\bin\win64\m_pcodeio.dll
0x0000000079b10000 - 0x0000000079b77000 	C:\Program Files\MATLAB\R2012a\bin\win64\m_ir.dll
0x000000005de90000 - 0x000000005e4e0000 	C:\Program Files\MATLAB\R2012a\bin\win64\m_parser.dll
0x0000000072650000 - 0x000000007266a000 	C:\Program Files\MATLAB\R2012a\bin\win64\ir_xfmr.dll
0x000000005dc10000 - 0x000000005de89000 	C:\Program Files\MATLAB\R2012a\bin\win64\mcos.dll
0x00000000618f0000 - 0x00000000618fc000 	C:\Program Files\MATLAB\R2012a\bin\win64\mtok.dll
0x00000000612f0000 - 0x0000000061321000 	C:\Program Files\MATLAB\R2012a\bin\win64\m_pcodegen.dll
0x0000000079fb0000 - 0x0000000079fe7000 	C:\Program Files\MATLAB\R2012a\bin\win64\libmwbridge.dll
0x000000005ef80000 - 0x000000005f048000 	C:\Program Files\MATLAB\R2012a\bin\win64\udd.dll
0x000000005dab0000 - 0x000000005dc02000 	C:\Program Files\MATLAB\R2012a\bin\win64\libmwgui.dll
0x0000000060de0000 - 0x0000000060df7000 	C:\Program Files\MATLAB\R2012a\bin\win64\graphics_util.dll
0x000000005d100000 - 0x000000005daa3000 	C:\Program Files\MATLAB\R2012a\bin\win64\hg.dll
0x0000000004e10000 - 0x0000000004e77000 	C:\Program Files\MATLAB\R2012a\bin\win64\libmat.dll
0x0000000072d30000 - 0x0000000072f44000 	C:\Program Files\MATLAB\R2012a\bin\win64\hdf5dll.dll
0x0000000075710000 - 0x00000000757c1000 	C:\Program Files\MATLAB\R2012a\bin\win64\jmi.dll
0x0000000004eb0000 - 0x0000000004ebe000 	C:\Program Files\MATLAB\R2012a\bin\win64\nativejava_services.dll
0x0000000060d90000 - 0x0000000060dd2000 	C:\Program Files\MATLAB\R2012a\bin\win64\libmwhardcopy.dll
0x000000005d0a0000 - 0x000000005d0fa000 	C:\Program Files\MATLAB\R2012a\bin\win64\libuij.dll
0x000000005ce90000 - 0x000000005d09c000 	C:\Program Files\MATLAB\R2012a\bin\win64\hgdatatypes.dll
0x000000005cd90000 - 0x000000005ce8d000 	C:\Program Files\MATLAB\R2012a\bin\win64\hgutils.dll
0x000000005ccd0000 - 0x000000005cd8d000 	C:\Program Files\MATLAB\R2012a\bin\win64\udd_mi.dll
0x0000000004f20000 - 0x0000000004f5b000 	C:\Program Files\MATLAB\R2012a\bin\win64\libmwgbtutils.dll
0x0000000004f70000 - 0x0000000004f89000 	C:\Program Files\MATLAB\R2012a\bin\win64\libmwgbt.dll
0x0000000004fa0000 - 0x000000000526a000 	C:\Program Files\MATLAB\R2012a\bin\win64\uiw.dll
0x00000000618e0000 - 0x00000000618ef000 	C:\Program Files\MATLAB\R2012a\bin\win64\uinone.dll
0x000007fef9850000 - 0x000007fef9868000 	C:\windows\system32\MPR.dll
0x000000005c7e0000 - 0x000000005ccc4000 	C:\windows\WinSxS\amd64_microsoft.vc90.mfc_1fc8b3b9a1e18e3b_9.0.30729.6161_none_044aad0bab1eb146\mfc90.dll
0x000007fef8820000 - 0x000007fef8827000 	C:\windows\system32\MSIMG32.dll
0x000007fefa400000 - 0x000007fefa471000 	C:\windows\system32\WINSPOOL.DRV
0x000000005c7c0000 - 0x000000005c7e0000 	C:\Program Files\MATLAB\R2012a\bin\win64\mwoles05.DLL
0x000000005c740000 - 0x000000005c7bc000 	C:\Program Files\MATLAB\R2012a\bin\win64\comcli.dll
0x000000005c710000 - 0x000000005c73f000 	C:\windows\WinSxS\amd64_microsoft.vc90.atl_1fc8b3b9a1e18e3b_9.0.30729.6161_none_0a1fd3a3a768b895\ATL90.DLL
0x00000000612e0000 - 0x00000000612ec000 	C:\Program Files\MATLAB\R2012a\bin\win64\mlautoregister.dll
0x00000000052c0000 - 0x00000000052d0000 	C:\Program Files\MATLAB\R2012a\bin\win64\boost_iostreams-vc90-mt-1_44.dll
0x000007fefeb40000 - 0x000007fefeb6e000 	C:\windows\system32\IMM32.DLL
0x000007fefe980000 - 0x000007fefea89000 	C:\windows\system32\MSCTF.dll
0x000007fefb200000 - 0x000007fefb256000 	C:\windows\system32\UxTheme.dll
0x000007fefaab0000 - 0x000007fefaac8000 	C:\windows\system32\dwmapi.dll
0x0000000060d80000 - 0x0000000060d8d000 	C:\windows\WinSxS\amd64_microsoft.vc90.mfcloc_1fc8b3b9a1e18e3b_9.0.30729.6161_none_01c9581e60cbee58\MFC90ENU.DLL
0x0000000005460000 - 0x0000000005489000 	C:\Program Files\MATLAB\R2012a\bin\win64\tbbmalloc.dll
0x0000000078870000 - 0x0000000078ecd000 	C:\Program Files\MATLAB\R2012a\sys\java\jre\win64\jre\bin\server\jvm.dll
0x000007fefac90000 - 0x000007fefaccb000 	C:\windows\system32\WINMM.dll
0x000007fefcbf0000 - 0x000007fefcbff000 	C:\windows\system32\profapi.dll
0x000007fefaa10000 - 0x000007fefaa37000 	C:\windows\system32\iphlpapi.dll
0x000007fefaa00000 - 0x000007fefaa0b000 	C:\windows\system32\WINNSI.DLL
0x000007fefc270000 - 0x000007fefc2cb000 	C:\windows\system32\DNSAPI.dll
0x000007fef9d60000 - 0x000007fef9d78000 	C:\windows\system32\dhcpcsvc.DLL
0x000007fef9de0000 - 0x000007fef9df1000 	C:\windows\system32\dhcpcsvc6.DLL
0x000000005ef70000 - 0x000000005ef73000 	C:\windows\system32\icmp.Dll
0x000007fefcbc0000 - 0x000007fefcbcf000 	C:\windows\system32\CRYPTBASE.dll
0x000007fefcfb0000 - 0x000007fefcfe6000 	C:\windows\system32\CFGMGR32.dll
0x000007feff0b0000 - 0x000007feff149000 	C:\windows\system32\CLBCatQ.DLL
0x0000000007d20000 - 0x0000000007d2a000 	C:\Program Files (x86)\Lenovo\Energy Management\BatteryTestDLL.dll
0x000000006bb20000 - 0x000000006bbe9000 	C:\windows\WinSxS\amd64_microsoft.vc80.crt_1fc8b3b9a1e18e3b_8.0.50727.6195_none_88e41e092fab0294\MSVCR80.dll
0x000000007a440000 - 0x000000007a44e000 	C:\Program Files\MATLAB\R2012a\sys\java\jre\win64\jre\bin\verify.dll

VM Arguments:
jvm_args: -Xss512k -XX:PermSize=32m -Xms64m -XX:NewRatio=3 -XX:MaxPermSize=128m -Xmx196m -XX:MaxDirectMemorySize=2147400000 -Dsun.java2d.noddraw=true -Dsun.awt.nopixfmt=true -Xshare:off -Xrs -Dsun.awt.disableMixing=true -Djava.library.path=C:\Program Files\MATLAB\R2012a\bin\win64 vfprintf abort 
java_command: <unknown>
Launcher Type: generic

Environment Variables:
PATH=c:\MinGW\bin;c:\MinGW\libexec\gcc\x86_64-pc-mingw32\4.8.2;C:\Users\renubala\gcc\bin;C:\Users\renubala\gcc\libexec\gcc\x86_64-pc-mingw32\4.8.2;C:\Program Files\Java\jdk1.7.0_40\bin;C:\Program Files\nodejs\;C:\Program Files\MATLAB\R2012a\runtime\win64;C:\Program Files\MATLAB\R2012a\bin;C:\Users\renubala\AppData\Roaming\npm
USERNAME=renubala
OS=Windows_NT
PROCESSOR_IDENTIFIER=Intel64 Family 6 Model 42 Stepping 7, GenuineIntel



---------------  S Y S T E M  ---------------

OS: Windows 7 Build 7601 Service Pack 1

CPU:total 4 (8 cores per cpu, 2 threads per core) family 6 model 42 stepping 7, cmov, cx8, fxsr, mmx, sse, sse2, sse3, ssse3, sse4.1, sse4.2, ht

Memory: 4k page, physical 4136816k(1419016k free), swap 8271768k(3216740k free)

vm_info: Java HotSpot(TM) 64-Bit Server VM (14.3-b01) for windows-amd64 JRE (1.6.0_17-b04), built on Oct 11 2009 00:46:08 by "java_re" with MS VC++ 8.0

time: Sat Mar 22 18:47:37 2014
elapsed time: 46179 seconds

